2014-06-12 14:47:14,900 [http-bio-8080-exec-9] ERROR StackTrace  - Full Stack Trace:
org.codehaus.groovy.grails.web.converters.exceptions.ConverterException: Error parsing JSON
	at grails.converters.JSON.parse(JSON.java:290)
	at grails.converters.JSON.parse(JSON.java:312)
	at grails.converters.JSON.parse(JSON.java:347)
	at grails.converters.JSON$parse.call(Unknown Source)
	at org.codehaus.groovy.grails.web.converters.JSONParsingParameterCreationListener.paramsCreated(JSONParsingParameterCreationListener.groovy:42)
	at org.codehaus.groovy.grails.web.servlet.mvc.GrailsWebRequest.informParameterCreationListeners(GrailsWebRequest.java:185)
	at org.codehaus.groovy.grails.web.mapping.filter.UrlMappingsFilter.doFilterInternal(UrlMappingsFilter.java:220)
	at org.springframework.web.filter.OncePerRequestFilter.doFilter(OncePerRequestFilter.java:76)
	at org.apache.catalina.core.ApplicationFilterChain.internalDoFilter(ApplicationFilterChain.java:243)
	at org.apache.catalina.core.ApplicationFilterChain.doFilter(ApplicationFilterChain.java:210)
	at org.codehaus.groovy.grails.web.sitemesh.GrailsPageFilter.obtainContent(GrailsPageFilter.java:206)
	at org.codehaus.groovy.grails.web.sitemesh.GrailsPageFilter.doFilter(GrailsPageFilter.java:152)
	at org.apache.catalina.core.ApplicationFilterChain.internalDoFilter(ApplicationFilterChain.java:243)
	at org.apache.catalina.core.ApplicationFilterChain.doFilter(ApplicationFilterChain.java:210)
	at javax.servlet.FilterChain$doFilter.call(Unknown Source)
	at org.grails.plugin.resource.DevModeSanityFilter.doFilter(DevModeSanityFilter.groovy:44)
	at org.apache.catalina.core.ApplicationFilterChain.internalDoFilter(ApplicationFilterChain.java:243)
	at org.apache.catalina.core.ApplicationFilterChain.doFilter(ApplicationFilterChain.java:210)
	at org.codehaus.groovy.grails.web.servlet.mvc.GrailsWebRequestFilter.doFilterInternal(GrailsWebRequestFilter.java:69)
	at org.springframework.web.filter.OncePerRequestFilter.doFilter(OncePerRequestFilter.java:76)
	at org.apache.catalina.core.ApplicationFilterChain.internalDoFilter(ApplicationFilterChain.java:243)
	at org.apache.catalina.core.ApplicationFilterChain.doFilter(ApplicationFilterChain.java:210)
	at org.codehaus.groovy.grails.web.filters.HiddenHttpMethodFilter.doFilterInternal(HiddenHttpMethodFilter.java:66)
	at org.springframework.web.filter.OncePerRequestFilter.doFilter(OncePerRequestFilter.java:76)
	at org.apache.catalina.core.ApplicationFilterChain.internalDoFilter(ApplicationFilterChain.java:243)
	at org.apache.catalina.core.ApplicationFilterChain.doFilter(ApplicationFilterChain.java:210)
	at org.springframework.web.filter.CharacterEncodingFilter.doFilterInternal(CharacterEncodingFilter.java:88)
	at org.springframework.web.filter.OncePerRequestFilter.doFilter(OncePerRequestFilter.java:76)
	at org.springframework.web.filter.DelegatingFilterProxy.invokeDelegate(DelegatingFilterProxy.java:346)
	at org.springframework.web.filter.DelegatingFilterProxy.doFilter(DelegatingFilterProxy.java:259)
	at org.apache.catalina.core.ApplicationFilterChain.internalDoFilter(ApplicationFilterChain.java:243)
	at org.apache.catalina.core.ApplicationFilterChain.doFilter(ApplicationFilterChain.java:210)
	at org.apache.catalina.core.StandardWrapperValve.invoke(StandardWrapperValve.java:222)
	at org.apache.catalina.core.StandardContextValve.invoke(StandardContextValve.java:123)
	at org.apache.catalina.core.StandardHostValve.invoke(StandardHostValve.java:171)
	at org.apache.catalina.valves.ErrorReportValve.invoke(ErrorReportValve.java:99)
	at org.apache.catalina.core.StandardEngineValve.invoke(StandardEngineValve.java:118)
	at org.apache.catalina.connector.CoyoteAdapter.service(CoyoteAdapter.java:408)
	at org.apache.coyote.http11.AbstractHttp11Processor.process(AbstractHttp11Processor.java:1023)
	at org.apache.coyote.AbstractProtocol$AbstractConnectionHandler.process(AbstractProtocol.java:589)
	at org.apache.tomcat.util.net.JIoEndpoint$SocketProcessor.run(JIoEndpoint.java:310)
	at java.util.concurrent.ThreadPoolExecutor.runWorker(ThreadPoolExecutor.java:1145)
	at java.util.concurrent.ThreadPoolExecutor$Worker.run(ThreadPoolExecutor.java:615)
	at java.lang.Thread.run(Thread.java:745)
Caused by: org.codehaus.groovy.grails.web.json.JSONException: Missing value. at character 11 of {title:test,
	at org.codehaus.groovy.grails.web.json.JSONTokener.syntaxError(JSONTokener.java:470)
	at org.codehaus.groovy.grails.web.json.JSONTokener.nextValue(JSONTokener.java:357)
	at org.codehaus.groovy.grails.web.json.JSONObject.<init>(JSONObject.java:204)
	at org.codehaus.groovy.grails.web.json.JSONTokener.nextValue(JSONTokener.java:328)
	at grails.converters.JSON.parse(JSON.java:281)
	... 43 more
2014-06-12 14:47:14,940 [http-bio-8080-exec-9] ERROR StackTrace  - Full Stack Trace:
org.codehaus.groovy.grails.web.json.JSONException: Missing value. at character 11 of {title:test,
	at org.codehaus.groovy.grails.web.json.JSONTokener.syntaxError(JSONTokener.java:470)
	at org.codehaus.groovy.grails.web.json.JSONTokener.nextValue(JSONTokener.java:357)
	at org.codehaus.groovy.grails.web.json.JSONObject.<init>(JSONObject.java:204)
	at org.codehaus.groovy.grails.web.json.JSONTokener.nextValue(JSONTokener.java:328)
	at grails.converters.JSON.parse(JSON.java:281)
	at grails.converters.JSON.parse(JSON.java:312)
	at grails.converters.JSON.parse(JSON.java:347)
	at grails.converters.JSON$parse.call(Unknown Source)
	at org.codehaus.groovy.grails.web.converters.JSONParsingParameterCreationListener.paramsCreated(JSONParsingParameterCreationListener.groovy:42)
	at org.codehaus.groovy.grails.web.servlet.mvc.GrailsWebRequest.informParameterCreationListeners(GrailsWebRequest.java:185)
	at org.codehaus.groovy.grails.web.mapping.filter.UrlMappingsFilter.doFilterInternal(UrlMappingsFilter.java:220)
	at org.springframework.web.filter.OncePerRequestFilter.doFilter(OncePerRequestFilter.java:76)
	at org.apache.catalina.core.ApplicationFilterChain.internalDoFilter(ApplicationFilterChain.java:243)
	at org.apache.catalina.core.ApplicationFilterChain.doFilter(ApplicationFilterChain.java:210)
	at org.codehaus.groovy.grails.web.sitemesh.GrailsPageFilter.obtainContent(GrailsPageFilter.java:206)
	at org.codehaus.groovy.grails.web.sitemesh.GrailsPageFilter.doFilter(GrailsPageFilter.java:152)
	at org.apache.catalina.core.ApplicationFilterChain.internalDoFilter(ApplicationFilterChain.java:243)
	at org.apache.catalina.core.ApplicationFilterChain.doFilter(ApplicationFilterChain.java:210)
	at javax.servlet.FilterChain$doFilter.call(Unknown Source)
	at org.grails.plugin.resource.DevModeSanityFilter.doFilter(DevModeSanityFilter.groovy:44)
	at org.apache.catalina.core.ApplicationFilterChain.internalDoFilter(ApplicationFilterChain.java:243)
	at org.apache.catalina.core.ApplicationFilterChain.doFilter(ApplicationFilterChain.java:210)
	at org.codehaus.groovy.grails.web.servlet.mvc.GrailsWebRequestFilter.doFilterInternal(GrailsWebRequestFilter.java:69)
	at org.springframework.web.filter.OncePerRequestFilter.doFilter(OncePerRequestFilter.java:76)
	at org.apache.catalina.core.ApplicationFilterChain.internalDoFilter(ApplicationFilterChain.java:243)
	at org.apache.catalina.core.ApplicationFilterChain.doFilter(ApplicationFilterChain.java:210)
	at org.codehaus.groovy.grails.web.filters.HiddenHttpMethodFilter.doFilterInternal(HiddenHttpMethodFilter.java:66)
	at org.springframework.web.filter.OncePerRequestFilter.doFilter(OncePerRequestFilter.java:76)
	at org.apache.catalina.core.ApplicationFilterChain.internalDoFilter(ApplicationFilterChain.java:243)
	at org.apache.catalina.core.ApplicationFilterChain.doFilter(ApplicationFilterChain.java:210)
	at org.springframework.web.filter.CharacterEncodingFilter.doFilterInternal(CharacterEncodingFilter.java:88)
	at org.springframework.web.filter.OncePerRequestFilter.doFilter(OncePerRequestFilter.java:76)
	at org.springframework.web.filter.DelegatingFilterProxy.invokeDelegate(DelegatingFilterProxy.java:346)
	at org.springframework.web.filter.DelegatingFilterProxy.doFilter(DelegatingFilterProxy.java:259)
	at org.apache.catalina.core.ApplicationFilterChain.internalDoFilter(ApplicationFilterChain.java:243)
	at org.apache.catalina.core.ApplicationFilterChain.doFilter(ApplicationFilterChain.java:210)
	at org.apache.catalina.core.StandardWrapperValve.invoke(StandardWrapperValve.java:222)
	at org.apache.catalina.core.StandardContextValve.invoke(StandardContextValve.java:123)
	at org.apache.catalina.core.StandardHostValve.invoke(StandardHostValve.java:171)
	at org.apache.catalina.valves.ErrorReportValve.invoke(ErrorReportValve.java:99)
	at org.apache.catalina.core.StandardEngineValve.invoke(StandardEngineValve.java:118)
	at org.apache.catalina.connector.CoyoteAdapter.service(CoyoteAdapter.java:408)
	at org.apache.coyote.http11.AbstractHttp11Processor.process(AbstractHttp11Processor.java:1023)
	at org.apache.coyote.AbstractProtocol$AbstractConnectionHandler.process(AbstractProtocol.java:589)
	at org.apache.tomcat.util.net.JIoEndpoint$SocketProcessor.run(JIoEndpoint.java:310)
	at java.util.concurrent.ThreadPoolExecutor.runWorker(ThreadPoolExecutor.java:1145)
	at java.util.concurrent.ThreadPoolExecutor$Worker.run(ThreadPoolExecutor.java:615)
	at java.lang.Thread.run(Thread.java:745)
2014-06-12 14:47:14,941 [http-bio-8080-exec-9] ERROR StackTrace  - Full Stack Trace:
org.codehaus.groovy.grails.web.converters.exceptions.ConverterException: Error parsing JSON
	at grails.converters.JSON.parse(JSON.java:290)
	at grails.converters.JSON.parse(JSON.java:312)
	at grails.converters.JSON.parse(JSON.java:347)
	at java.util.concurrent.ThreadPoolExecutor.runWorker(ThreadPoolExecutor.java:1145)
	at java.util.concurrent.ThreadPoolExecutor$Worker.run(ThreadPoolExecutor.java:615)
	at java.lang.Thread.run(Thread.java:745)
Caused by: org.codehaus.groovy.grails.web.json.JSONException: Missing value. at character 11 of {title:test,
	at grails.converters.JSON.parse(JSON.java:281)
	... 5 more
2014-06-12 14:47:14,941 [http-bio-8080-exec-9] ERROR StackTrace  - Full Stack Trace:
org.codehaus.groovy.grails.web.converters.exceptions.ConverterException: Error parsing JSON
	at grails.converters.JSON.parse(JSON.java:290)
	at grails.converters.JSON.parse(JSON.java:312)
	at grails.converters.JSON.parse(JSON.java:347)
	at java.util.concurrent.ThreadPoolExecutor.runWorker(ThreadPoolExecutor.java:1145)
	at java.util.concurrent.ThreadPoolExecutor$Worker.run(ThreadPoolExecutor.java:615)
	at java.lang.Thread.run(Thread.java:745)
Caused by: org.codehaus.groovy.grails.web.json.JSONException: Missing value. at character 11 of {title:test,
	at grails.converters.JSON.parse(JSON.java:281)
	... 5 more
2014-06-12 14:47:14,942 [http-bio-8080-exec-9] ERROR StackTrace  - Full Stack Trace:
org.codehaus.groovy.grails.web.json.JSONException: Missing value. at character 11 of {title:test,
	at grails.converters.JSON.parse(JSON.java:281)
	at grails.converters.JSON.parse(JSON.java:312)
	at grails.converters.JSON.parse(JSON.java:347)
	at java.util.concurrent.ThreadPoolExecutor.runWorker(ThreadPoolExecutor.java:1145)
	at java.util.concurrent.ThreadPoolExecutor$Worker.run(ThreadPoolExecutor.java:615)
	at java.lang.Thread.run(Thread.java:745)
2014-06-12 14:47:14,942 [http-bio-8080-exec-9] ERROR StackTrace  - Full Stack Trace:
org.codehaus.groovy.grails.web.converters.exceptions.ConverterException: Error parsing JSON
	at grails.converters.JSON.parse(JSON.java:290)
	at grails.converters.JSON.parse(JSON.java:312)
	at grails.converters.JSON.parse(JSON.java:347)
	at java.util.concurrent.ThreadPoolExecutor.runWorker(ThreadPoolExecutor.java:1145)
	at java.util.concurrent.ThreadPoolExecutor$Worker.run(ThreadPoolExecutor.java:615)
	at java.lang.Thread.run(Thread.java:745)
Caused by: org.codehaus.groovy.grails.web.json.JSONException: Missing value. at character 11 of {title:test,
	at grails.converters.JSON.parse(JSON.java:281)
	... 5 more
